Content overflows the viewport of an fo:block-container in inline-progression direction by 36506 millipoints. (See position 595:3617)
Page 4: Unresolved ID reference "rc_provenance" found.
Page 4: Unresolved ID reference "rc_job-management" found.
Page 12: Unresolved ID reference "rfc2616" found.
Page 19: Unresolved ID reference "rfc2616" found.
Page 23: Unresolved ID reference "deploy-replace-undeploy-http_status_codes" found.
Page 25: Unresolved ID reference "rc_job-management" found.
Page 29: Unresolved ID reference "rc_job-management" found.
Page 41: Unresolved ID reference "_a86d877f-b639-4c33-aaf0-aafbda999bc2" found.
Page 41: Unresolved ID reference "rc_job-management" found.
5 link targets could not be fully resolved and now points to the top of the page or are dysfunctional.
PDF isn't valid PDF/UA-1:
ValidationResult [flavour=ua1, totalAssertions=278311, assertions=[
TestAssertion [ruleId=RuleId [specification=ISO 14289-1:2014, clause=7.18.5, testNumber=1], status=failed,
message=Links shall be tagged according to ISO 32000-1:2008, 14.8.4.4.2, Link Element,
location=Location [level=CosDocument, context=root/document[0]/pages[12](799 0 obj PDPage)/annots[0](800 0 obj PDLinkAnnot)], locationContext=null, errorMessage=null], 
TestAssertion [ruleId=RuleId [specification=ISO 14289-1:2014, clause=7.18.5, testNumber=2], status=failed,
message=Links shall contain an alternate description via their Contents key as described in ISO 32000-1:2008, 14.9.3,
location=Location [level=CosDocument, context=root/document[0]/pages[12](799 0 obj PDPage)/annots[0](800 0 obj PDLinkAnnot)], locationContext=null, errorMessage=null], 
TestAssertion [ruleId=RuleId [specification=ISO 14289-1:2014, clause=7.18.1, testNumber=2], status=failed,
message=An annotation (except Widget annotations or hidden annotations, or those having rectangle outside the crop-box) shall have either Contents key or an Alt entry in the enclosing structure element,
location=Location [level=CosDocument, context=root/document[0]/pages[12](799 0 obj PDPage)/annots[0](800 0 obj PDLinkAnnot)], locationContext=null, errorMessage=null], 
TestAssertion [ruleId=RuleId [specification=ISO 14289-1:2014, clause=7.18.5, testNumber=1], status=failed,
message=Links shall be tagged according to ISO 32000-1:2008, 14.8.4.4.2, Link Element,
location=Location [level=CosDocument, context=root/document[0]/pages[12](799 0 obj PDPage)/annots[3](804 0 obj PDLinkAnnot)], locationContext=null, errorMessage=null], 
TestAssertion [ruleId=RuleId [specification=ISO 14289-1:2014, clause=7.18.5, testNumber=2], status=failed,
message=Links shall contain an alternate description via their Contents key as described in ISO 32000-1:2008, 14.9.3,
location=Location [level=CosDocument, context=root/document[0]/pages[12](799 0 obj PDPage)/annots[3](804 0 obj PDLinkAnnot)], locationContext=null, errorMessage=null], 
TestAssertion [ruleId=RuleId [specification=ISO 14289-1:2014, clause=7.18.1, testNumber=2], status=failed,
message=An annotation (except Widget annotations or hidden annotations, or those having rectangle outside the crop-box) shall have either Contents key or an Alt entry in the enclosing structure element,
location=Location [level=CosDocument, context=root/document[0]/pages[12](799 0 obj PDPage)/annots[3](804 0 obj PDLinkAnnot)], locationContext=null, errorMessage=null], 
TestAssertion [ruleId=RuleId [specification=ISO 14289-1:2014, clause=7.18.5, testNumber=1], status=failed,
message=Links shall be tagged according to ISO 32000-1:2008, 14.8.4.4.2, Link Element,
location=Location [level=CosDocument, context=root/document[0]/pages[20](1138 0 obj PDPage)/annots[1](1140 0 obj PDLinkAnnot)], locationContext=null, errorMessage=null], 
TestAssertion [ruleId=RuleId [specification=ISO 14289-1:2014, clause=7.18.5, testNumber=2], status=failed,
message=Links shall contain an alternate description via their Contents key as described in ISO 32000-1:2008, 14.9.3,
location=Location [level=CosDocument, context=root/document[0]/pages[20](1138 0 obj PDPage)/annots[1](1140 0 obj PDLinkAnnot)], locationContext=null, errorMessage=null], 
TestAssertion [ruleId=RuleId [specification=ISO 14289-1:2014, clause=7.18.1, testNumber=2], status=failed,
message=An annotation (except Widget annotations or hidden annotations, or those having rectangle outside the crop-box) shall have either Contents key or an Alt entry in the enclosing structure element,
location=Location [level=CosDocument, context=root/document[0]/pages[20](1138 0 obj PDPage)/annots[1](1140 0 obj PDLinkAnnot)], locationContext=null, errorMessage=null], 
TestAssertion [ruleId=RuleId [specification=ISO 14289-1:2014, clause=7.18.5, testNumber=1], status=failed,
message=Links shall be tagged according to ISO 32000-1:2008, 14.8.4.4.2, Link Element,
location=Location [level=CosDocument, context=root/document[0]/pages[27](1481 0 obj PDPage)/annots[0](1482 0 obj PDLinkAnnot)], locationContext=null, errorMessage=null], 
TestAssertion [ruleId=RuleId [specification=ISO 14289-1:2014, clause=7.18.5, testNumber=2], status=failed,
message=Links shall contain an alternate description via their Contents key as described in ISO 32000-1:2008, 14.9.3,
location=Location [level=CosDocument, context=root/document[0]/pages[27](1481 0 obj PDPage)/annots[0](1482 0 obj PDLinkAnnot)], locationContext=null, errorMessage=null], 
TestAssertion [ruleId=RuleId [specification=ISO 14289-1:2014, clause=7.18.1, testNumber=2], status=failed,
message=An annotation (except Widget annotations or hidden annotations, or those having rectangle outside the crop-box) shall have either Contents key or an Alt entry in the enclosing structure element,
location=Location [level=CosDocument, context=root/document[0]/pages[27](1481 0 obj PDPage)/annots[0](1482 0 obj PDLinkAnnot)], locationContext=null, errorMessage=null], 
TestAssertion [ruleId=RuleId [specification=ISO 14289-1:2014, clause=7.18.5, testNumber=1], status=failed,
message=Links shall be tagged according to ISO 32000-1:2008, 14.8.4.4.2, Link Element,
location=Location [level=CosDocument, context=root/document[0]/pages[31](1657 0 obj PDPage)/annots[0](1658 0 obj PDLinkAnnot)], locationContext=null, errorMessage=null], 
TestAssertion [ruleId=RuleId [specification=ISO 14289-1:2014, clause=7.18.5, testNumber=2], status=failed,
message=Links shall contain an alternate description via their Contents key as described in ISO 32000-1:2008, 14.9.3,
location=Location [level=CosDocument, context=root/document[0]/pages[31](1657 0 obj PDPage)/annots[0](1658 0 obj PDLinkAnnot)], locationContext=null, errorMessage=null], 
TestAssertion [ruleId=RuleId [specification=ISO 14289-1:2014, clause=7.18.1, testNumber=2], status=failed,
message=An annotation (except Widget annotations or hidden annotations, or those having rectangle outside the crop-box) shall have either Contents key or an Alt entry in the enclosing structure element,
location=Location [level=CosDocument, context=root/document[0]/pages[31](1657 0 obj PDPage)/annots[0](1658 0 obj PDLinkAnnot)], locationContext=null, errorMessage=null], 
TestAssertion [ruleId=RuleId [specification=ISO 14289-1:2014, clause=7.18.5, testNumber=1], status=failed,
message=Links shall be tagged according to ISO 32000-1:2008, 14.8.4.4.2, Link Element,
location=Location [level=CosDocument, context=root/document[0]/pages[33](1746 0 obj PDPage)/annots[2](1750 0 obj PDLinkAnnot)], locationContext=null, errorMessage=null], 
TestAssertion [ruleId=RuleId [specification=ISO 14289-1:2014, clause=7.18.5, testNumber=2], status=failed,
message=Links shall contain an alternate description via their Contents key as described in ISO 32000-1:2008, 14.9.3,
location=Location [level=CosDocument, context=root/document[0]/pages[33](1746 0 obj PDPage)/annots[2](1750 0 obj PDLinkAnnot)], locationContext=null, errorMessage=null], 
TestAssertion [ruleId=RuleId [specification=ISO 14289-1:2014, clause=7.18.1, testNumber=2], status=failed,
message=An annotation (except Widget annotations or hidden annotations, or those having rectangle outside the crop-box) shall have either Contents key or an Alt entry in the enclosing structure element,
location=Location [level=CosDocument, context=root/document[0]/pages[33](1746 0 obj PDPage)/annots[2](1750 0 obj PDLinkAnnot)], locationContext=null, errorMessage=null], 
TestAssertion [ruleId=RuleId [specification=ISO 14289-1:2014, clause=7.18.5, testNumber=1], status=failed,
message=Links shall be tagged according to ISO 32000-1:2008, 14.8.4.4.2, Link Element,
location=Location [level=CosDocument, context=root/document[0]/pages[37](1987 0 obj PDPage)/annots[0](1988 0 obj PDLinkAnnot)], locationContext=null, errorMessage=null], 
TestAssertion [ruleId=RuleId [specification=ISO 14289-1:2014, clause=7.18.5, testNumber=2], status=failed,
message=Links shall contain an alternate description via their Contents key as described in ISO 32000-1:2008, 14.9.3,
location=Location [level=CosDocument, context=root/document[0]/pages[37](1987 0 obj PDPage)/annots[0](1988 0 obj PDLinkAnnot)], locationContext=null, errorMessage=null], 
TestAssertion [ruleId=RuleId [specification=ISO 14289-1:2014, clause=7.18.1, testNumber=2], status=failed,
message=An annotation (except Widget annotations or hidden annotations, or those having rectangle outside the crop-box) shall have either Contents key or an Alt entry in the enclosing structure element,
location=Location [level=CosDocument, context=root/document[0]/pages[37](1987 0 obj PDPage)/annots[0](1988 0 obj PDLinkAnnot)], locationContext=null, errorMessage=null], 
TestAssertion [ruleId=RuleId [specification=ISO 14289-1:2014, clause=7.18.5, testNumber=1], status=failed,
message=Links shall be tagged according to ISO 32000-1:2008, 14.8.4.4.2, Link Element,
location=Location [level=CosDocument, context=root/document[0]/pages[49](2469 0 obj PDPage)/annots[0](2470 0 obj PDLinkAnnot)], locationContext=null, errorMessage=null], 
TestAssertion [ruleId=RuleId [specification=ISO 14289-1:2014, clause=7.18.5, testNumber=2], status=failed,
message=Links shall contain an alternate description via their Contents key as described in ISO 32000-1:2008, 14.9.3,
location=Location [level=CosDocument, context=root/document[0]/pages[49](2469 0 obj PDPage)/annots[0](2470 0 obj PDLinkAnnot)], locationContext=null, errorMessage=null], 
TestAssertion [ruleId=RuleId [specification=ISO 14289-1:2014, clause=7.18.1, testNumber=2], status=failed,
message=An annotation (except Widget annotations or hidden annotations, or those having rectangle outside the crop-box) shall have either Contents key or an Alt entry in the enclosing structure element,
location=Location [level=CosDocument, context=root/document[0]/pages[49](2469 0 obj PDPage)/annots[0](2470 0 obj PDLinkAnnot)], locationContext=null, errorMessage=null], 
TestAssertion [ruleId=RuleId [specification=ISO 14289-1:2014, clause=7.18.5, testNumber=1], status=failed,
message=Links shall be tagged according to ISO 32000-1:2008, 14.8.4.4.2, Link Element,
location=Location [level=CosDocument, context=root/document[0]/pages[49](2469 0 obj PDPage)/annots[1](2471 0 obj PDLinkAnnot)], locationContext=null, errorMessage=null], 
TestAssertion [ruleId=RuleId [specification=ISO 14289-1:2014, clause=7.18.5, testNumber=2], status=failed,
message=Links shall contain an alternate description via their Contents key as described in ISO 32000-1:2008, 14.9.3,
location=Location [level=CosDocument, context=root/document[0]/pages[49](2469 0 obj PDPage)/annots[1](2471 0 obj PDLinkAnnot)], locationContext=null, errorMessage=null], 
TestAssertion [ruleId=RuleId [specification=ISO 14289-1:2014, clause=7.18.1, testNumber=2], status=failed,
message=An annotation (except Widget annotations or hidden annotations, or those having rectangle outside the crop-box) shall have either Contents key or an Alt entry in the enclosing structure element,
location=Location [level=CosDocument, context=root/document[0]/pages[49](2469 0 obj PDPage)/annots[1](2471 0 obj PDLinkAnnot)], locationContext=null, errorMessage=null], 
TestAssertion [ruleId=RuleId [specification=ISO 14289-1:2014, clause=7.2, testNumber=26], status=failed,
message=TOCI element should be contained in TOC element,
location=Location [level=CosDocument, context=root/document[0]/StructTreeRoot[0](2926 0 obj PDStructTreeRoot)/K[0](2928 0 obj SEDocument Document)/K[2](2937 0 obj SEPart Part)/K[0](3009 0 obj SESect Sect)/K[1](3012 0 obj SEDiv Div)/K[0](3014 0 obj SEDiv Div)/K[3](3023 0 obj SETOCI TOCI)], locationContext=null, errorMessage=null], 
TestAssertion [ruleId=RuleId [specification=ISO 14289-1:2014, clause=7.2, testNumber=26], status=failed,
message=TOCI element should be contained in TOC element,
location=Location [level=CosDocument, context=root/document[0]/StructTreeRoot[0](2926 0 obj PDStructTreeRoot)/K[0](2928 0 obj SEDocument Document)/K[2](2937 0 obj SEPart Part)/K[0](3009 0 obj SESect Sect)/K[1](3012 0 obj SEDiv Div)/K[0](3014 0 obj SEDiv Div)/K[5](3025 0 obj SETOCI TOCI)], locationContext=null, errorMessage=null], 
TestAssertion [ruleId=RuleId [specification=ISO 14289-1:2014, clause=7.2, testNumber=26], status=failed,
message=TOCI element should be contained in TOC element,
location=Location [level=CosDocument, context=root/document[0]/StructTreeRoot[0](2926 0 obj PDStructTreeRoot)/K[0](2928 0 obj SEDocument Document)/K[2](2937 0 obj SEPart Part)/K[0](3009 0 obj SESect Sect)/K[1](3012 0 obj SEDiv Div)/K[0](3014 0 obj SEDiv Div)/K[6](3026 0 obj SETOCI TOCI)], locationContext=null, errorMessage=null], 
TestAssertion [ruleId=RuleId [specification=ISO 14289-1:2014, clause=7.2, testNumber=26], status=failed,
message=TOCI element should be contained in TOC element,
location=Location [level=CosDocument, context=root/document[0]/StructTreeRoot[0](2926 0 obj PDStructTreeRoot)/K[0](2928 0 obj SEDocument Document)/K[2](2937 0 obj SEPart Part)/K[0](3009 0 obj SESect Sect)/K[1](3012 0 obj SEDiv Div)/K[0](3014 0 obj SEDiv Div)/K[7](3027 0 obj SETOCI TOCI)], locationContext=null, errorMessage=null], 
TestAssertion [ruleId=RuleId [specification=ISO 14289-1:2014, clause=7.2, testNumber=26], status=failed,
message=TOCI element should be contained in TOC element,
location=Location [level=CosDocument, context=root/document[0]/StructTreeRoot[0](2926 0 obj PDStructTreeRoot)/K[0](2928 0 obj SEDocument Document)/K[2](2937 0 obj SEPart Part)/K[0](3009 0 obj SESect Sect)/K[1](3012 0 obj SEDiv Div)/K[0](3014 0 obj SEDiv Div)/K[8](3028 0 obj SETOCI TOCI)], locationContext=null, errorMessage=null], 
TestAssertion [ruleId=RuleId [specification=ISO 14289-1:2014, clause=7.2, testNumber=26], status=failed,
message=TOCI element should be contained in TOC element,
location=Location [level=CosDocument, context=root/document[0]/StructTreeRoot[0](2926 0 obj PDStructTreeRoot)/K[0](2928 0 obj SEDocument Document)/K[2](2937 0 obj SEPart Part)/K[0](3009 0 obj SESect Sect)/K[1](3012 0 obj SEDiv Div)/K[0](3014 0 obj SEDiv Div)/K[9](3029 0 obj SETOCI TOCI)], locationContext=null, errorMessage=null], 
TestAssertion [ruleId=RuleId [specification=ISO 14289-1:2014, clause=7.2, testNumber=26], status=failed,
message=TOCI element should be contained in TOC element,
location=Location [level=CosDocument, context=root/document[0]/StructTreeRoot[0](2926 0 obj PDStructTreeRoot)/K[0](2928 0 obj SEDocument Document)/K[2](2937 0 obj SEPart Part)/K[0](3009 0 obj SESect Sect)/K[1](3012 0 obj SEDiv Div)/K[0](3014 0 obj SEDiv Div)/K[10](3030 0 obj SETOCI TOCI)], locationContext=null, errorMessage=null], 
TestAssertion [ruleId=RuleId [specification=ISO 14289-1:2014, clause=7.2, testNumber=26], status=failed,
message=TOCI element should be contained in TOC element,
location=Location [level=CosDocument, context=root/document[0]/StructTreeRoot[0](2926 0 obj PDStructTreeRoot)/K[0](2928 0 obj SEDocument Document)/K[2](2937 0 obj SEPart Part)/K[0](3009 0 obj SESect Sect)/K[1](3012 0 obj SEDiv Div)/K[0](3014 0 obj SEDiv Div)/K[11](3031 0 obj SETOCI TOCI)], locationContext=null, errorMessage=null], 
TestAssertion [ruleId=RuleId [specification=ISO 14289-1:2014, clause=7.2, testNumber=26], status=failed,
message=TOCI element should be contained in TOC element,
location=Location [level=CosDocument, context=root/document[0]/StructTreeRoot[0](2926 0 obj PDStructTreeRoot)/K[0](2928 0 obj SEDocument Document)/K[2](2937 0 obj SEPart Part)/K[0](3009 0 obj SESect Sect)/K[1](3012 0 obj SEDiv Div)/K[0](3014 0 obj SEDiv Div)/K[12](3032 0 obj SETOCI TOCI)], locationContext=null, errorMessage=null], 
TestAssertion [ruleId=RuleId [specification=ISO 14289-1:2014, clause=7.2, testNumber=26], status=failed,
message=TOCI element should be contained in TOC element,
location=Location [level=CosDocument, context=root/document[0]/StructTreeRoot[0](2926 0 obj PDStructTreeRoot)/K[0](2928 0 obj SEDocument Document)/K[2](2937 0 obj SEPart Part)/K[0](3009 0 obj SESect Sect)/K[1](3012 0 obj SEDiv Div)/K[0](3014 0 obj SEDiv Div)/K[13](3033 0 obj SETOCI TOCI)], locationContext=null, errorMessage=null], 
TestAssertion [ruleId=RuleId [specification=ISO 14289-1:2014, clause=7.2, testNumber=26], status=failed,
message=TOCI element should be contained in TOC element,
location=Location [level=CosDocument, context=root/document[0]/StructTreeRoot[0](2926 0 obj PDStructTreeRoot)/K[0](2928 0 obj SEDocument Document)/K[2](2937 0 obj SEPart Part)/K[0](3009 0 obj SESect Sect)/K[1](3012 0 obj SEDiv Div)/K[0](3014 0 obj SEDiv Div)/K[14](3034 0 obj SETOCI TOCI)], locationContext=null, errorMessage=null], 
TestAssertion [ruleId=RuleId [specification=ISO 14289-1:2014, clause=7.2, testNumber=26], status=failed,
message=TOCI element should be contained in TOC element,
location=Location [level=CosDocument, context=root/document[0]/StructTreeRoot[0](2926 0 obj PDStructTreeRoot)/K[0](2928 0 obj SEDocument Document)/K[2](2937 0 obj SEPart Part)/K[0](3009 0 obj SESect Sect)/K[1](3012 0 obj SEDiv Div)/K[0](3014 0 obj SEDiv Div)/K[15](3035 0 obj SETOCI TOCI)], locationContext=null, errorMessage=null], 
TestAssertion [ruleId=RuleId [specification=ISO 14289-1:2014, clause=7.2, testNumber=26], status=failed,
message=TOCI element should be contained in TOC element,
location=Location [level=CosDocument, context=root/document[0]/StructTreeRoot[0](2926 0 obj PDStructTreeRoot)/K[0](2928 0 obj SEDocument Document)/K[2](2937 0 obj SEPart Part)/K[0](3009 0 obj SESect Sect)/K[1](3012 0 obj SEDiv Div)/K[0](3014 0 obj SEDiv Div)/K[16](3036 0 obj SETOCI TOCI)], locationContext=null, errorMessage=null], 
TestAssertion [ruleId=RuleId [specification=ISO 14289-1:2014, clause=7.2, testNumber=26], status=failed,
message=TOCI element should be contained in TOC element,
location=Location [level=CosDocument, context=root/document[0]/StructTreeRoot[0](2926 0 obj PDStructTreeRoot)/K[0](2928 0 obj SEDocument Document)/K[2](2937 0 obj SEPart Part)/K[0](3009 0 obj SESect Sect)/K[1](3012 0 obj SEDiv Div)/K[0](3014 0 obj SEDiv Div)/K[17](3037 0 obj SETOCI TOCI)], locationContext=null, errorMessage=null], 
TestAssertion [ruleId=RuleId [specification=ISO 14289-1:2014, clause=7.2, testNumber=26], status=failed,
message=TOCI element should be contained in TOC element,
location=Location [level=CosDocument, context=root/document[0]/StructTreeRoot[0](2926 0 obj PDStructTreeRoot)/K[0](2928 0 obj SEDocument Document)/K[2](2937 0 obj SEPart Part)/K[0](3009 0 obj SESect Sect)/K[1](3012 0 obj SEDiv Div)/K[0](3014 0 obj SEDiv Div)/K[18](3038 0 obj SETOCI TOCI)], locationContext=null, errorMessage=null], 
TestAssertion [ruleId=RuleId [specification=ISO 14289-1:2014, clause=7.2, testNumber=26], status=failed,
message=TOCI element should be contained in TOC element,
location=Location [level=CosDocument, context=root/document[0]/StructTreeRoot[0](2926 0 obj PDStructTreeRoot)/K[0](2928 0 obj SEDocument Document)/K[2](2937 0 obj SEPart Part)/K[0](3009 0 obj SESect Sect)/K[1](3012 0 obj SEDiv Div)/K[0](3014 0 obj SEDiv Div)/K[19](3039 0 obj SETOCI TOCI)], locationContext=null, errorMessage=null], 
TestAssertion [ruleId=RuleId [specification=ISO 14289-1:2014, clause=7.2, testNumber=26], status=failed,
message=TOCI element should be contained in TOC element,
location=Location [level=CosDocument, context=root/document[0]/StructTreeRoot[0](2926 0 obj PDStructTreeRoot)/K[0](2928 0 obj SEDocument Document)/K[2](2937 0 obj SEPart Part)/K[0](3009 0 obj SESect Sect)/K[1](3012 0 obj SEDiv Div)/K[0](3014 0 obj SEDiv Div)/K[20](3040 0 obj SETOCI TOCI)], locationContext=null, errorMessage=null], 
TestAssertion [ruleId=RuleId [specification=ISO 14289-1:2014, clause=7.2, testNumber=26], status=failed,
message=TOCI element should be contained in TOC element,
location=Location [level=CosDocument, context=root/document[0]/StructTreeRoot[0](2926 0 obj PDStructTreeRoot)/K[0](2928 0 obj SEDocument Document)/K[2](2937 0 obj SEPart Part)/K[0](3009 0 obj SESect Sect)/K[1](3012 0 obj SEDiv Div)/K[0](3014 0 obj SEDiv Div)/K[21](3041 0 obj SETOCI TOCI)], locationContext=null, errorMessage=null], 
TestAssertion [ruleId=RuleId [specification=ISO 14289-1:2014, clause=7.2, testNumber=26], status=failed,
message=TOCI element should be contained in TOC element,
location=Location [level=CosDocument, context=root/document[0]/StructTreeRoot[0](2926 0 obj PDStructTreeRoot)/K[0](2928 0 obj SEDocument Document)/K[2](2937 0 obj SEPart Part)/K[0](3009 0 obj SESect Sect)/K[1](3012 0 obj SEDiv Div)/K[0](3014 0 obj SEDiv Div)/K[22](3042 0 obj SETOCI TOCI)], locationContext=null, errorMessage=null], 
TestAssertion [ruleId=RuleId [specification=ISO 14289-1:2014, clause=7.2, testNumber=26], status=failed,
message=TOCI element should be contained in TOC element,
location=Location [level=CosDocument, context=root/document[0]/StructTreeRoot[0](2926 0 obj PDStructTreeRoot)/K[0](2928 0 obj SEDocument Document)/K[2](2937 0 obj SEPart Part)/K[0](3009 0 obj SESect Sect)/K[1](3012 0 obj SEDiv Div)/K[0](3014 0 obj SEDiv Div)/K[23](3043 0 obj SETOCI TOCI)], locationContext=null, errorMessage=null], 
TestAssertion [ruleId=RuleId [specification=ISO 14289-1:2014, clause=7.2, testNumber=26], status=failed,
message=TOCI element should be contained in TOC element,
location=Location [level=CosDocument, context=root/document[0]/StructTreeRoot[0](2926 0 obj PDStructTreeRoot)/K[0](2928 0 obj SEDocument Document)/K[2](2937 0 obj SEPart Part)/K[0](3009 0 obj SESect Sect)/K[1](3012 0 obj SEDiv Div)/K[0](3014 0 obj SEDiv Div)/K[24](3044 0 obj SETOCI TOCI)], locationContext=null, errorMessage=null], 
TestAssertion [ruleId=RuleId [specification=ISO 14289-1:2014, clause=7.2, testNumber=26], status=failed,
message=TOCI element should be contained in TOC element,
location=Location [level=CosDocument, context=root/document[0]/StructTreeRoot[0](2926 0 obj PDStructTreeRoot)/K[0](2928 0 obj SEDocument Document)/K[2](2937 0 obj SEPart Part)/K[0](3009 0 obj SESect Sect)/K[1](3012 0 obj SEDiv Div)/K[0](3014 0 obj SEDiv Div)/K[25](3045 0 obj SETOCI TOCI)], locationContext=null, errorMessage=null], 
TestAssertion [ruleId=RuleId [specification=ISO 14289-1:2014, clause=7.2, testNumber=26], status=failed,
message=TOCI element should be contained in TOC element,
location=Location [level=CosDocument, context=root/document[0]/StructTreeRoot[0](2926 0 obj PDStructTreeRoot)/K[0](2928 0 obj SEDocument Document)/K[2](2937 0 obj SEPart Part)/K[0](3009 0 obj SESect Sect)/K[1](3012 0 obj SEDiv Div)/K[0](3014 0 obj SEDiv Div)/K[26](3046 0 obj SETOCI TOCI)], locationContext=null, errorMessage=null], 
TestAssertion [ruleId=RuleId [specification=ISO 14289-1:2014, clause=7.2, testNumber=26], status=failed,
message=TOCI element should be contained in TOC element,
location=Location [level=CosDocument, context=root/document[0]/StructTreeRoot[0](2926 0 obj PDStructTreeRoot)/K[0](2928 0 obj SEDocument Document)/K[2](2937 0 obj SEPart Part)/K[0](3009 0 obj SESect Sect)/K[1](3012 0 obj SEDiv Div)/K[0](3014 0 obj SEDiv Div)/K[27](3047 0 obj SETOCI TOCI)], locationContext=null, errorMessage=null], 
TestAssertion [ruleId=RuleId [specification=ISO 14289-1:2014, clause=7.2, testNumber=26], status=failed,
message=TOCI element should be contained in TOC element,
location=Location [level=CosDocument, context=root/document[0]/StructTreeRoot[0](2926 0 obj PDStructTreeRoot)/K[0](2928 0 obj SEDocument Document)/K[2](2937 0 obj SEPart Part)/K[0](3009 0 obj SESect Sect)/K[1](3012 0 obj SEDiv Div)/K[0](3014 0 obj SEDiv Div)/K[28](3048 0 obj SETOCI TOCI)], locationContext=null, errorMessage=null], 
TestAssertion [ruleId=RuleId [specification=ISO 14289-1:2014, clause=7.2, testNumber=26], status=failed,
message=TOCI element should be contained in TOC element,
location=Location [level=CosDocument, context=root/document[0]/StructTreeRoot[0](2926 0 obj PDStructTreeRoot)/K[0](2928 0 obj SEDocument Document)/K[2](2937 0 obj SEPart Part)/K[0](3009 0 obj SESect Sect)/K[1](3012 0 obj SEDiv Div)/K[0](3014 0 obj SEDiv Div)/K[29](3049 0 obj SETOCI TOCI)], locationContext=null, errorMessage=null], 
TestAssertion [ruleId=RuleId [specification=ISO 14289-1:2014, clause=7.2, testNumber=26], status=failed,
message=TOCI element should be contained in TOC element,
location=Location [level=CosDocument, context=root/document[0]/StructTreeRoot[0](2926 0 obj PDStructTreeRoot)/K[0](2928 0 obj SEDocument Document)/K[2](2937 0 obj SEPart Part)/K[0](3009 0 obj SESect Sect)/K[1](3012 0 obj SEDiv Div)/K[0](3014 0 obj SEDiv Div)/K[30](3050 0 obj SETOCI TOCI)], locationContext=null, errorMessage=null], 
TestAssertion [ruleId=RuleId [specification=ISO 14289-1:2014, clause=7.2, testNumber=26], status=failed,
message=TOCI element should be contained in TOC element,
location=Location [level=CosDocument, context=root/document[0]/StructTreeRoot[0](2926 0 obj PDStructTreeRoot)/K[0](2928 0 obj SEDocument Document)/K[2](2937 0 obj SEPart Part)/K[0](3009 0 obj SESect Sect)/K[1](3012 0 obj SEDiv Div)/K[0](3014 0 obj SEDiv Div)/K[31](3051 0 obj SETOCI TOCI)], locationContext=null, errorMessage=null], 
TestAssertion [ruleId=RuleId [specification=ISO 14289-1:2014, clause=7.2, testNumber=26], status=failed,
message=TOCI element should be contained in TOC element,
location=Location [level=CosDocument, context=root/document[0]/StructTreeRoot[0](2926 0 obj PDStructTreeRoot)/K[0](2928 0 obj SEDocument Document)/K[2](2937 0 obj SEPart Part)/K[0](3009 0 obj SESect Sect)/K[1](3012 0 obj SEDiv Div)/K[0](3014 0 obj SEDiv Div)/K[32](3052 0 obj SETOCI TOCI)], locationContext=null, errorMessage=null], 
TestAssertion [ruleId=RuleId [specification=ISO 14289-1:2014, clause=7.2, testNumber=26], status=failed,
message=TOCI element should be contained in TOC element,
location=Location [level=CosDocument, context=root/document[0]/StructTreeRoot[0](2926 0 obj PDStructTreeRoot)/K[0](2928 0 obj SEDocument Document)/K[2](2937 0 obj SEPart Part)/K[0](3009 0 obj SESect Sect)/K[1](3012 0 obj SEDiv Div)/K[0](3014 0 obj SEDiv Div)/K[33](3053 0 obj SETOCI TOCI)], locationContext=null, errorMessage=null], 
TestAssertion [ruleId=RuleId [specification=ISO 14289-1:2014, clause=7.2, testNumber=26], status=failed,
message=TOCI element should be contained in TOC element,
location=Location [level=CosDocument, context=root/document[0]/StructTreeRoot[0](2926 0 obj PDStructTreeRoot)/K[0](2928 0 obj SEDocument Document)/K[2](2937 0 obj SEPart Part)/K[0](3009 0 obj SESect Sect)/K[1](3012 0 obj SEDiv Div)/K[0](3014 0 obj SEDiv Div)/K[34](3054 0 obj SETOCI TOCI)], locationContext=null, errorMessage=null], 
TestAssertion [ruleId=RuleId [specification=ISO 14289-1:2014, clause=7.2, testNumber=26], status=failed,
message=TOCI element should be contained in TOC element,
location=Location [level=CosDocument, context=root/document[0]/StructTreeRoot[0](2926 0 obj PDStructTreeRoot)/K[0](2928 0 obj SEDocument Document)/K[2](2937 0 obj SEPart Part)/K[0](3009 0 obj SESect Sect)/K[1](3012 0 obj SEDiv Div)/K[0](3014 0 obj SEDiv Div)/K[35](3055 0 obj SETOCI TOCI)], locationContext=null, errorMessage=null], 
TestAssertion [ruleId=RuleId [specification=ISO 14289-1:2014, clause=7.2, testNumber=26], status=failed,
message=TOCI element should be contained in TOC element,
location=Location [level=CosDocument, context=root/document[0]/StructTreeRoot[0](2926 0 obj PDStructTreeRoot)/K[0](2928 0 obj SEDocument Document)/K[2](2937 0 obj SEPart Part)/K[0](3009 0 obj SESect Sect)/K[1](3012 0 obj SEDiv Div)/K[0](3014 0 obj SEDiv Div)/K[36](3056 0 obj SETOCI TOCI)], locationContext=null, errorMessage=null], 
TestAssertion [ruleId=RuleId [specification=ISO 14289-1:2014, clause=7.2, testNumber=26], status=failed,
message=TOCI element should be contained in TOC element,
location=Location [level=CosDocument, context=root/document[0]/StructTreeRoot[0](2926 0 obj PDStructTreeRoot)/K[0](2928 0 obj SEDocument Document)/K[2](2937 0 obj SEPart Part)/K[0](3009 0 obj SESect Sect)/K[1](3012 0 obj SEDiv Div)/K[0](3014 0 obj SEDiv Div)/K[37](3057 0 obj SETOCI TOCI)], locationContext=null, errorMessage=null], 
TestAssertion [ruleId=RuleId [specification=ISO 14289-1:2014, clause=7.2, testNumber=26], status=failed,
message=TOCI element should be contained in TOC element,
location=Location [level=CosDocument, context=root/document[0]/StructTreeRoot[0](2926 0 obj PDStructTreeRoot)/K[0](2928 0 obj SEDocument Document)/K[2](2937 0 obj SEPart Part)/K[0](3009 0 obj SESect Sect)/K[1](3012 0 obj SEDiv Div)/K[0](3014 0 obj SEDiv Div)/K[38](3058 0 obj SETOCI TOCI)], locationContext=null, errorMessage=null], 
TestAssertion [ruleId=RuleId [specification=ISO 14289-1:2014, clause=7.2, testNumber=26], status=failed,
message=TOCI element should be contained in TOC element,
location=Location [level=CosDocument, context=root/document[0]/StructTreeRoot[0](2926 0 obj PDStructTreeRoot)/K[0](2928 0 obj SEDocument Document)/K[2](2937 0 obj SEPart Part)/K[0](3009 0 obj SESect Sect)/K[1](3012 0 obj SEDiv Div)/K[0](3014 0 obj SEDiv Div)/K[39](3059 0 obj SETOCI TOCI)], locationContext=null, errorMessage=null], 
TestAssertion [ruleId=RuleId [specification=ISO 14289-1:2014, clause=7.2, testNumber=26], status=failed,
message=TOCI element should be contained in TOC element,
location=Location [level=CosDocument, context=root/document[0]/StructTreeRoot[0](2926 0 obj PDStructTreeRoot)/K[0](2928 0 obj SEDocument Document)/K[2](2937 0 obj SEPart Part)/K[0](3009 0 obj SESect Sect)/K[1](3012 0 obj SEDiv Div)/K[0](3014 0 obj SEDiv Div)/K[40](3060 0 obj SETOCI TOCI)], locationContext=null, errorMessage=null], 
TestAssertion [ruleId=RuleId [specification=ISO 14289-1:2014, clause=7.2, testNumber=26], status=failed,
message=TOCI element should be contained in TOC element,
location=Location [level=CosDocument, context=root/document[0]/StructTreeRoot[0](2926 0 obj PDStructTreeRoot)/K[0](2928 0 obj SEDocument Document)/K[2](2937 0 obj SEPart Part)/K[0](3009 0 obj SESect Sect)/K[1](3012 0 obj SEDiv Div)/K[0](3014 0 obj SEDiv Div)/K[41](3061 0 obj SETOCI TOCI)], locationContext=null, errorMessage=null], 
TestAssertion [ruleId=RuleId [specification=ISO 14289-1:2014, clause=7.2, testNumber=26], status=failed,
message=TOCI element should be contained in TOC element,
location=Location [level=CosDocument, context=root/document[0]/StructTreeRoot[0](2926 0 obj PDStructTreeRoot)/K[0](2928 0 obj SEDocument Document)/K[2](2937 0 obj SEPart Part)/K[0](3009 0 obj SESect Sect)/K[1](3012 0 obj SEDiv Div)/K[0](3014 0 obj SEDiv Div)/K[42](3062 0 obj SETOCI TOCI)], locationContext=null, errorMessage=null], 
TestAssertion [ruleId=RuleId [specification=ISO 14289-1:2014, clause=7.2, testNumber=26], status=failed,
message=TOCI element should be contained in TOC element,
location=Location [level=CosDocument, context=root/document[0]/StructTreeRoot[0](2926 0 obj PDStructTreeRoot)/K[0](2928 0 obj SEDocument Document)/K[2](2937 0 obj SEPart Part)/K[0](3009 0 obj SESect Sect)/K[1](3012 0 obj SEDiv Div)/K[0](3014 0 obj SEDiv Div)/K[43](3063 0 obj SETOCI TOCI)], locationContext=null, errorMessage=null], 
TestAssertion [ruleId=RuleId [specification=ISO 14289-1:2014, clause=7.2, testNumber=26], status=failed,
message=TOCI element should be contained in TOC element,
location=Location [level=CosDocument, context=root/document[0]/StructTreeRoot[0](2926 0 obj PDStructTreeRoot)/K[0](2928 0 obj SEDocument Document)/K[2](2937 0 obj SEPart Part)/K[0](3009 0 obj SESect Sect)/K[1](3012 0 obj SEDiv Div)/K[0](3014 0 obj SEDiv Div)/K[44](3064 0 obj SETOCI TOCI)], locationContext=null, errorMessage=null], 
TestAssertion [ruleId=RuleId [specification=ISO 14289-1:2014, clause=7.2, testNumber=26], status=failed,
message=TOCI element should be contained in TOC element,
location=Location [level=CosDocument, context=root/document[0]/StructTreeRoot[0](2926 0 obj PDStructTreeRoot)/K[0](2928 0 obj SEDocument Document)/K[2](2937 0 obj SEPart Part)/K[0](3009 0 obj SESect Sect)/K[1](3012 0 obj SEDiv Div)/K[0](3014 0 obj SEDiv Div)/K[45](3065 0 obj SETOCI TOCI)], locationContext=null, errorMessage=null], 
TestAssertion [ruleId=RuleId [specification=ISO 14289-1:2014, clause=7.2, testNumber=26], status=failed,
message=TOCI element should be contained in TOC element,
location=Location [level=CosDocument, context=root/document[0]/StructTreeRoot[0](2926 0 obj PDStructTreeRoot)/K[0](2928 0 obj SEDocument Document)/K[2](2937 0 obj SEPart Part)/K[0](3009 0 obj SESect Sect)/K[1](3012 0 obj SEDiv Div)/K[0](3014 0 obj SEDiv Div)/K[46](3066 0 obj SETOCI TOCI)], locationContext=null, errorMessage=null], 
TestAssertion [ruleId=RuleId [specification=ISO 14289-1:2014, clause=7.2, testNumber=26], status=failed,
message=TOCI element should be contained in TOC element,
location=Location [level=CosDocument, context=root/document[0]/StructTreeRoot[0](2926 0 obj PDStructTreeRoot)/K[0](2928 0 obj SEDocument Document)/K[2](2937 0 obj SEPart Part)/K[0](3009 0 obj SESect Sect)/K[1](3012 0 obj SEDiv Div)/K[0](3014 0 obj SEDiv Div)/K[47](3067 0 obj SETOCI TOCI)], locationContext=null, errorMessage=null], 
TestAssertion [ruleId=RuleId [specification=ISO 14289-1:2014, clause=7.2, testNumber=26], status=failed,
message=TOCI element should be contained in TOC element,
location=Location [level=CosDocument, context=root/document[0]/StructTreeRoot[0](2926 0 obj PDStructTreeRoot)/K[0](2928 0 obj SEDocument Document)/K[2](2937 0 obj SEPart Part)/K[0](3009 0 obj SESect Sect)/K[1](3012 0 obj SEDiv Div)/K[0](3014 0 obj SEDiv Div)/K[48](3068 0 obj SETOCI TOCI)], locationContext=null, errorMessage=null], 
TestAssertion [ruleId=RuleId [specification=ISO 14289-1:2014, clause=7.2, testNumber=26], status=failed,
message=TOCI element should be contained in TOC element,
location=Location [level=CosDocument, context=root/document[0]/StructTreeRoot[0](2926 0 obj PDStructTreeRoot)/K[0](2928 0 obj SEDocument Document)/K[2](2937 0 obj SEPart Part)/K[0](3009 0 obj SESect Sect)/K[1](3012 0 obj SEDiv Div)/K[0](3014 0 obj SEDiv Div)/K[49](3069 0 obj SETOCI TOCI)], locationContext=null, errorMessage=null], 
TestAssertion [ruleId=RuleId [specification=ISO 14289-1:2014, clause=7.2, testNumber=26], status=failed,
message=TOCI element should be contained in TOC element,
location=Location [level=CosDocument, context=root/document[0]/StructTreeRoot[0](2926 0 obj PDStructTreeRoot)/K[0](2928 0 obj SEDocument Document)/K[2](2937 0 obj SEPart Part)/K[0](3009 0 obj SESect Sect)/K[1](3012 0 obj SEDiv Div)/K[0](3014 0 obj SEDiv Div)/K[50](3070 0 obj SETOCI TOCI)], locationContext=null, errorMessage=null], 
TestAssertion [ruleId=RuleId [specification=ISO 14289-1:2014, clause=7.2, testNumber=26], status=failed,
message=TOCI element should be contained in TOC element,
location=Location [level=CosDocument, context=root/document[0]/StructTreeRoot[0](2926 0 obj PDStructTreeRoot)/K[0](2928 0 obj SEDocument Document)/K[2](2937 0 obj SEPart Part)/K[0](3009 0 obj SESect Sect)/K[1](3012 0 obj SEDiv Div)/K[0](3014 0 obj SEDiv Div)/K[51](3071 0 obj SETOCI TOCI)], locationContext=null, errorMessage=null], 
TestAssertion [ruleId=RuleId [specification=ISO 14289-1:2014, clause=7.2, testNumber=26], status=failed,
message=TOCI element should be contained in TOC element,
location=Location [level=CosDocument, context=root/document[0]/StructTreeRoot[0](2926 0 obj PDStructTreeRoot)/K[0](2928 0 obj SEDocument Document)/K[2](2937 0 obj SEPart Part)/K[0](3009 0 obj SESect Sect)/K[1](3012 0 obj SEDiv Div)/K[0](3014 0 obj SEDiv Div)/K[52](3072 0 obj SETOCI TOCI)], locationContext=null, errorMessage=null]], isCompliant=false]
